{"/Users/matias/Codaisseur/classes/testing-worksho/jest-test/functions.js": {"path":"/Users/matias/Codaisseur/classes/testing-worksho/jest-test/functions.js","statementMap":{"0":{"start":{"line":1,"column":14},"end":{"line":1,"column":30}},"1":{"start":{"line":3,"column":22},"end":{"line":5,"column":1}},"2":{"start":{"line":4,"column":2},"end":{"line":4,"column":30}},"3":{"start":{"line":7,"column":24},"end":{"line":18,"column":1}},"4":{"start":{"line":8,"column":2},"end":{"line":17,"column":3}},"5":{"start":{"line":9,"column":21},"end":{"line":11,"column":5}},"6":{"start":{"line":12,"column":4},"end":{"line":12,"column":36}},"7":{"start":{"line":13,"column":4},"end":{"line":13,"column":30}},"8":{"start":{"line":15,"column":4},"end":{"line":15,"column":51}},"9":{"start":{"line":16,"column":4},"end":{"line":16,"column":43}},"10":{"start":{"line":20,"column":0},"end":{"line":20,"column":52}}},"fnMap":{"0":{"name":"(anonymous_0)","decl":{"start":{"line":3,"column":22},"end":{"line":3,"column":23}},"loc":{"start":{"line":3,"column":32},"end":{"line":5,"column":1}},"line":3},"1":{"name":"(anonymous_1)","decl":{"start":{"line":7,"column":24},"end":{"line":7,"column":25}},"loc":{"start":{"line":7,"column":36},"end":{"line":18,"column":1}},"line":7}},"branchMap":{"0":{"loc":{"start":{"line":4,"column":9},"end":{"line":4,"column":29}},"type":"cond-expr","locations":[{"start":{"line":4,"column":20},"end":{"line":4,"column":21}},{"start":{"line":4,"column":24},"end":{"line":4,"column":29}}],"line":4},"1":{"loc":{"start":{"line":4,"column":9},"end":{"line":4,"column":17}},"type":"binary-expr","locations":[{"start":{"line":4,"column":9},"end":{"line":4,"column":11}},{"start":{"line":4,"column":15},"end":{"line":4,"column":17}}],"line":4}},"s":{"0":1,"1":1,"2":3,"3":1,"4":2,"5":2,"6":1,"7":1,"8":1,"9":1,"10":1},"f":{"0":3,"1":2},"b":{"0":[1,2],"1":[3,1]},"_coverageSchema":"1a1c01bbd47fc00a2c39e90264f33305004495a9","hash":"a3f99fada4a30bedea4791ff1ec8cb2154f4b793"}
}
